<?xml version="1.0" encoding="UTF-8"?>
<!-- Generated by org.testng.reporters.JUnitReportReporter -->
<testsuite hostname="Sams-PC" name="com.selenium.sample.SampleTest" tests="1" failures="0" timestamp="15 Jun 2014 21:45:48 GMT" time="12.541" errors="0">
  <testcase name="Test01" time="12.541" classname="com.selenium.sample.SampleTest"/>
</testsuite> <!-- com.selenium.sample.SampleTest -->
